[    5106ms] [ERROR] Refused to get unsafe header "X-Sg-Cs" @ https://www.google.com/search?q=business+cards+printing&oq=business+cards+pr&gs_lcrp=EgZjaHJvbWUqCggAEAAYsQMYgAQyCggAEAAYsQMYgAQyBggBEEUYOTIHCAIQABiABDIHCAMQABiABDIHCAQQABiABDIHCAUQABiABDIHCAYQABiABDIHCAcQABiABDIHCAgQABiABDIHCAkQABiABKgCALACAA&sourceid=chrome&ie=UTF-8&sei=_0kDapbIOaHmi-gP0pGUoQU:20
[    5106ms] [ERROR] Refused to get unsafe header "X-Sorry-Redirect" @ https://www.google.com/search?q=business+cards+printing&oq=business+cards+pr&gs_lcrp=EgZjaHJvbWUqCggAEAAYsQMYgAQyCggAEAAYsQMYgAQyBggBEEUYOTIHCAIQABiABDIHCAMQABiABDIHCAQQABiABDIHCAUQABiABDIHCAYQABiABDIHCAcQABiABDIHCAgQABiABDIHCAkQABiABKgCALACAA&sourceid=chrome&ie=UTF-8&sei=_0kDapbIOaHmi-gP0pGUoQU:20
[    6173ms] [ERROR] Refused to get unsafe header "X-Sg-Cs" @ https://www.google.com/search?q=business+cards+printing&oq=business+cards+pr&gs_lcrp=EgZjaHJvbWUqCggAEAAYsQMYgAQyCggAEAAYsQMYgAQyBggBEEUYOTIHCAIQABiABDIHCAMQABiABDIHCAQQABiABDIHCAUQABiABDIHCAYQABiABDIHCAcQABiABDIHCAgQABiABDIHCAkQABiABKgCALACAA&sourceid=chrome&ie=UTF-8&sei=_0kDapbIOaHmi-gP0pGUoQU:20
[    6174ms] [ERROR] Refused to get unsafe header "X-Sorry-Redirect" @ https://www.google.com/search?q=business+cards+printing&oq=business+cards+pr&gs_lcrp=EgZjaHJvbWUqCggAEAAYsQMYgAQyCggAEAAYsQMYgAQyBggBEEUYOTIHCAIQABiABDIHCAMQABiABDIHCAQQABiABDIHCAUQABiABDIHCAYQABiABDIHCAcQABiABDIHCAgQABiABDIHCAkQABiABKgCALACAA&sourceid=chrome&ie=UTF-8&sei=_0kDapbIOaHmi-gP0pGUoQU:20
[    9082ms] [ERROR] Refused to get unsafe header "X-Sg-Cs" @ https://www.google.com/search?q=business+cards+printing&oq=business+cards+pr&gs_lcrp=EgZjaHJvbWUqCggAEAAYsQMYgAQyCggAEAAYsQMYgAQyBggBEEUYOTIHCAIQABiABDIHCAMQABiABDIHCAQQABiABDIHCAUQABiABDIHCAYQABiABDIHCAcQABiABDIHCAgQABiABDIHCAkQABiABKgCALACAA&sourceid=chrome&ie=UTF-8&sei=_0kDapbIOaHmi-gP0pGUoQU:20
[    9082ms] [ERROR] Refused to get unsafe header "X-Sorry-Redirect" @ https://www.google.com/search?q=business+cards+printing&oq=business+cards+pr&gs_lcrp=EgZjaHJvbWUqCggAEAAYsQMYgAQyCggAEAAYsQMYgAQyBggBEEUYOTIHCAIQABiABDIHCAMQABiABDIHCAQQABiABDIHCAUQABiABDIHCAYQABiABDIHCAcQABiABDIHCAgQABiABDIHCAkQABiABKgCALACAA&sourceid=chrome&ie=UTF-8&sei=_0kDapbIOaHmi-gP0pGUoQU:20
[    9946ms] [ERROR] Refused to get unsafe header "X-Sg-Cs" @ https://www.google.com/search?q=business+cards+printing&oq=business+cards+pr&gs_lcrp=EgZjaHJvbWUqCggAEAAYsQMYgAQyCggAEAAYsQMYgAQyBggBEEUYOTIHCAIQABiABDIHCAMQABiABDIHCAQQABiABDIHCAUQABiABDIHCAYQABiABDIHCAcQABiABDIHCAgQABiABDIHCAkQABiABKgCALACAA&sourceid=chrome&ie=UTF-8&sei=_0kDapbIOaHmi-gP0pGUoQU:20
[    9946ms] [ERROR] Refused to get unsafe header "X-Sorry-Redirect" @ https://www.google.com/search?q=business+cards+printing&oq=business+cards+pr&gs_lcrp=EgZjaHJvbWUqCggAEAAYsQMYgAQyCggAEAAYsQMYgAQyBggBEEUYOTIHCAIQABiABDIHCAMQABiABDIHCAQQABiABDIHCAUQABiABDIHCAYQABiABDIHCAcQABiABDIHCAgQABiABDIHCAkQABiABKgCALACAA&sourceid=chrome&ie=UTF-8&sei=_0kDapbIOaHmi-gP0pGUoQU:20
[   17925ms] ReferenceError: grecaptcha is not defined
    at https://www.instantprint.co.uk/business-cards/premium?&paper-type=450gsm-silk&print-type=single-sided&lamination=no-lamination&spotuv=none&turnaround=3-4-working-days&quantity=25&utm_content=NC10&utm_source=google&utm_medium=cpc&utm_campaign=12135003559&utm_keyword=business%20cards%20printing&gad_source=1&gad_campaignid=12135003559&gbraid=0AAAAAD2fqbqtUhZW0B4yE9RsVQE9VgEGq&gclid=EAIaIQobChMIuJOp_4q0lAMV4JRQBh2BtjhwEAAYAiAAEgJiS_D_BwE:1:10086
[   18308ms] TypeError: Cannot read properties of undefined (reading 'eventManager')
    at https://www.instantprint.co.uk/business-cards/premium?&paper-type=450gsm-silk&print-type=single-sided&lamination=no-lamination&spotuv=none&turnaround=3-4-working-days&quantity=25&utm_content=NC10&utm_source=google&utm_medium=cpc&utm_campaign=12135003559&utm_keyword=business%20cards%20printing&gad_source=1&gad_campaignid=12135003559&gbraid=0AAAAAD2fqbqtUhZW0B4yE9RsVQE9VgEGq&gclid=EAIaIQobChMIuJOp_4q0lAMV4JRQBh2BtjhwEAAYAiAAEgJiS_D_BwE:35:13408
[   19283ms] [ERROR] Failed to load resource: net::ERR_NAME_NOT_RESOLVED @ https://ipv6check.ksearchnet.com/:0
[  107891ms] [ERROR] Failed to load resource: net::ERR_NAME_NOT_RESOLVED @ https://ipv6check.ksearchnet.com/:0
[  117167ms] [ERROR] Permissions policy violation: accelerometer is not allowed in this document. @ https://ops.instantprint.co.uk/studio/Scripts/studio_script.js?1693564000:0
[  117167ms] [WARNING] The devicemotion events are blocked by permissions policy. See https://github.com/w3c/webappsec-permissions-policy/blob/master/features.md#sensor-features @ https://ops.instantprint.co.uk/studio/Scripts/studio_script.js?1693564000:0
[  117548ms] [WARNING] Canvas2D: Multiple readback operations using getImageData are faster with the willReadFrequently attribute set to true. See: https://html.spec.whatwg.org/multipage/canvas.html#concept-canvas-will-read-frequently @ :2
[  117675ms] [WARNING] Canvas2D: Multiple readback operations using getImageData are faster with the willReadFrequently attribute set to true. See: https://html.spec.whatwg.org/multipage/canvas.html#concept-canvas-will-read-frequently @ :2
[  129930ms] [WARNING] Canvas2D: Multiple readback operations using getImageData are faster with the willReadFrequently attribute set to true. See: https://html.spec.whatwg.org/multipage/canvas.html#concept-canvas-will-read-frequently @ https://ops.instantprint.co.uk/studio/Scripts/studio_script.js?1693564000:0
[  544161ms] [ERROR] Failed to load resource: net::ERR_INTERNET_DISCONNECTED @ https://ops.instantprint.co.uk/studio/Content/pdffonts/caudex.woff2:0
[  544185ms] [ERROR] Failed to load resource: net::ERR_INTERNET_DISCONNECTED @ https://ops.instantprint.co.uk/studio/Content/pdffonts/caudex.woff:0
[  544210ms] [ERROR] Failed to load resource: net::ERR_INTERNET_DISCONNECTED @ https://ops.instantprint.co.uk/studio/Content/pdffonts/caudex.ttf:0
[  544534ms] [ERROR] Failed to load resource: net::ERR_INTERNET_DISCONNECTED @ https://ops.instantprint.co.uk/studio/Content/pdffonts/caudex_b.woff2:0
[  544546ms] [ERROR] Failed to load resource: net::ERR_INTERNET_DISCONNECTED @ https://ops.instantprint.co.uk/studio/Content/pdffonts/caudex_b.woff:0
[  544558ms] [ERROR] Failed to load resource: net::ERR_INTERNET_DISCONNECTED @ https://ops.instantprint.co.uk/studio/Content/pdffonts/caudex_b.ttf:0
[  544933ms] [ERROR] Failed to load resource: net::ERR_INTERNET_DISCONNECTED @ https://ops.instantprint.co.uk/studio/Content/pdffonts/caudex_i.woff2:0
[  544945ms] [ERROR] Failed to load resource: net::ERR_INTERNET_DISCONNECTED @ https://ops.instantprint.co.uk/studio/Content/pdffonts/caudex_i.woff:0
[  544955ms] [ERROR] Failed to load resource: net::ERR_INTERNET_DISCONNECTED @ https://ops.instantprint.co.uk/studio/Content/pdffonts/caudex_i.ttf:0
[  545335ms] [ERROR] Failed to load resource: net::ERR_INTERNET_DISCONNECTED @ https://ops.instantprint.co.uk/studio/Content/pdffonts/caudex_bi.woff2:0
[  545347ms] [ERROR] Failed to load resource: net::ERR_INTERNET_DISCONNECTED @ https://ops.instantprint.co.uk/studio/Content/pdffonts/caudex_bi.woff:0
[  545358ms] [ERROR] Failed to load resource: net::ERR_INTERNET_DISCONNECTED @ https://ops.instantprint.co.uk/studio/Content/pdffonts/caudex_bi.ttf:0
[  549132ms] [ERROR] Failed to load resource: net::ERR_INTERNET_DISCONNECTED @ https://ops.instantprint.co.uk/images/pdffonts/cavalierregular.ttf:0
[  550335ms] [ERROR] Failed to load resource: net::ERR_INTERNET_DISCONNECTED @ https://ops.instantprint.co.uk/images/pdffonts/cavalierregular_bi.ttf:0
[  554137ms] [ERROR] Failed to load resource: net::ERR_INTERNET_DISCONNECTED @ https://ops.instantprint.co.uk/images/pdffonts/caviardreams.ttf:0
[  554940ms] [ERROR] Failed to load resource: net::ERR_INTERNET_DISCONNECTED @ https://ops.instantprint.co.uk/images/pdffonts/caviardreams_i.ttf:0
[  555341ms] [ERROR] Failed to load resource: net::ERR_INTERNET_DISCONNECTED @ https://ops.instantprint.co.uk/images/pdffonts/caviardreams_bi.ttf:0
[  559139ms] [ERROR] Failed to load resource: net::ERR_INTERNET_DISCONNECTED @ https://ops.instantprint.co.uk/images/pdffonts/chintzy.ttf:0
[  564142ms] [ERROR] Failed to load resource: net::ERR_INTERNET_DISCONNECTED @ https://ops.instantprint.co.uk/images/pdffonts/chunkfiveroman.otf:0
[  565441ms] [ERROR] Failed to load resource: net::ERR_INTERNET_DISCONNECTED @ https://t.clarity.ms/collect:0
[  565453ms] [ERROR] Failed to load resource: net::ERR_INTERNET_DISCONNECTED @ https://t.clarity.ms/collect:0
[  565459ms] [ERROR] Failed to load resource: net::ERR_INTERNET_DISCONNECTED @ https://t.clarity.ms/collect:0
[  565459ms] [ERROR] Failed to load resource: net::ERR_INTERNET_DISCONNECTED @ https://t.clarity.ms/collect:0
[  569144ms] [ERROR] Failed to load resource: net::ERR_INTERNET_DISCONNECTED @ https://ops.instantprint.co.uk/studio/Content/pdffonts/cinzel.woff2:0
[  569156ms] [ERROR] Failed to load resource: net::ERR_INTERNET_DISCONNECTED @ https://ops.instantprint.co.uk/studio/Content/pdffonts/cinzel.woff:0
[  569165ms] [ERROR] Failed to load resource: net::ERR_INTERNET_DISCONNECTED @ https://ops.instantprint.co.uk/studio/Content/pdffonts/cinzel.ttf:0
[  569545ms] [ERROR] Failed to load resource: net::ERR_INTERNET_DISCONNECTED @ https://ops.instantprint.co.uk/studio/Content/pdffonts/cinzel_b.woff2:0
[  569557ms] [ERROR] Failed to load resource: net::ERR_INTERNET_DISCONNECTED @ https://ops.instantprint.co.uk/studio/Content/pdffonts/cinzel_b.woff:0
[  569567ms] [ERROR] Failed to load resource: net::ERR_INTERNET_DISCONNECTED @ https://ops.instantprint.co.uk/studio/Content/pdffonts/cinzel_b.ttf:0
[  574145ms] [ERROR] Failed to load resource: net::ERR_INTERNET_DISCONNECTED @ https://ops.instantprint.co.uk/images/pdffonts/clarendontmed.ttf:0
[  579148ms] [ERROR] Failed to load resource: net::ERR_INTERNET_DISCONNECTED @ https://ops.instantprint.co.uk/images/pdffonts/clarissa.ttf:0
[  584147ms] [ERROR] Failed to load resource: net::ERR_INTERNET_DISCONNECTED @ https://ops.instantprint.co.uk/images/pdffonts/cochin.otf:0
[ 2021042ms] [ERROR] Failed to load resource: net::ERR_INTERNET_DISCONNECTED @ https://ops.instantprint.co.uk/images/pdffonts/collegecondensed.ttf:0
[ 2022244ms] [ERROR] Failed to load resource: net::ERR_INTERNET_DISCONNECTED @ https://ops.instantprint.co.uk/images/pdffonts/collegecondensed_bi.ttf:0
[ 7365198ms] [ERROR] Failed to load resource: net::ERR_NETWORK_CHANGED @ https://ops.instantprint.co.uk/images/pdffonts/dealerplatecalifornia-regular.ttf:0
[ 8734071ms] [ERROR] Failed to load resource: net::ERR_NETWORK_CHANGED @ https://ops.instantprint.co.uk/images/pdffonts/goodbrush.ttf:0
[ 9697044ms] [ERROR] Failed to load resource: net::ERR_NETWORK_CHANGED @ https://ops.instantprint.co.uk/studio/Content/pdffonts/greatvibes.woff2:0
[10654919ms] [ERROR] Failed to load resource: net::ERR_NETWORK_CHANGED @ https://ops.instantprint.co.uk/images/pdffonts/groteskia_i.otf:0
[11306692ms] [WARNING] Failed to decode downloaded font: https://ops.instantprint.co.uk/images/pdffonts/helveticalt57condensed.otf @ https://ops.instantprint.co.uk/product_design_customize.php?sb=554e75416f5a506c495a6779622b3941737a703578484931662f3255484b4b6b77543273337a4251345a493d&return_url=https:%2F%2Fdesign.instantprint.co.uk%2Fapproval:0
[11306692ms] [WARNING] OTS parsing error: cmap: Range glyph reference too high (65535 > 236)
cmap: Failed to parse table @ https://ops.instantprint.co.uk/product_design_customize.php?sb=554e75416f5a506c495a6779622b3941737a703578484931662f3255484b4b6b77543273337a4251345a493d&return_url=https:%2F%2Fdesign.instantprint.co.uk%2Fapproval:0
[14488017ms] [ERROR] Failed to load resource: net::ERR_NETWORK_CHANGED @ https://ops.instantprint.co.uk/images/pdffonts/jaceline.ttf:0
[14950016ms] [ERROR] Failed to load resource: net::ERR_NETWORK_CHANGED @ https://ops.instantprint.co.uk/studio/Content/pdffonts/josefinsans.woff2:0
[14950059ms] [ERROR] Failed to load resource: net::ERR_NETWORK_CHANGED @ https://ops.instantprint.co.uk/studio/Content/pdffonts/josefinsans_b.woff2:0
[14950059ms] [ERROR] Failed to load resource: net::ERR_NETWORK_CHANGED @ https://ops.instantprint.co.uk/studio/Content/pdffonts/josefinsans.woff:0
[19623038ms] [ERROR] Failed to load resource: net::ERR_NETWORK_CHANGED @ https://ops.instantprint.co.uk/images/pdffonts/montheavydemo.otf:0
[20587001ms] [ERROR] Failed to load resource: net::ERR_NETWORK_CHANGED @ https://ops.instantprint.co.uk/images/pdffonts/montserratalternatesregular.woff:0
[20587004ms] [ERROR] Failed to load resource: net::ERR_NETWORK_CHANGED @ https://ops.instantprint.co.uk/images/pdffonts/montserratalternatesregular_i.woff:0
[20587004ms] [ERROR] Failed to load resource: net::ERR_NETWORK_CHANGED @ https://ops.instantprint.co.uk/images/pdffonts/montserratalternatesregular_b.woff:0
[20587079ms] [ERROR] Failed to load resource: net::ERR_NETWORK_CHANGED @ https://ops.instantprint.co.uk/images/pdffonts/montserratalternatesregular_i.woff2:0
[21651051ms] [ERROR] Failed to load resource: net::ERR_NETWORK_CHANGED @ https://ops.instantprint.co.uk/images/pdffonts/montserratregular_b.woff:0
[21651066ms] [ERROR] Failed to load resource: net::ERR_NETWORK_CHANGED @ https://ops.instantprint.co.uk/images/pdffonts/montserratregular_i.woff:0
[21651066ms] [ERROR] Failed to load resource: net::ERR_NETWORK_CHANGED @ https://ops.instantprint.co.uk/images/pdffonts/montserratregular_bi.woff:0
[21651066ms] [ERROR] Failed to load resource: net::ERR_NETWORK_CHANGED @ https://ops.instantprint.co.uk/images/pdffonts/montserratregular_b.woff2:0
[27021043ms] [ERROR] Failed to load resource: net::ERR_NETWORK_CHANGED @ https://ops.instantprint.co.uk/studio/Content/pdffonts/puritan_bi.woff2:0
[27021109ms] [ERROR] Failed to load resource: net::ERR_NETWORK_CHANGED @ https://ops.instantprint.co.uk/studio/Content/pdffonts/puritan_bi.woff:0
[38243925ms] [ERROR] Failed to load resource: net::ERR_NETWORK_CHANGED @ https://ops.instantprint.co.uk/images/pdffonts/timesnewroman_b.ttf:0
[38244008ms] [ERROR] Failed to load resource: net::ERR_NETWORK_CHANGED @ https://ops.instantprint.co.uk/images/pdffonts/timesnewroman_i.ttf:0
[38244009ms] [ERROR] Failed to load resource: net::ERR_NETWORK_CHANGED @ https://ops.instantprint.co.uk/images/pdffonts/timesnewroman_bi.ttf:0
[39222911ms] [ERROR] Failed to load resource: net::ERR_NETWORK_CHANGED @ https://ops.instantprint.co.uk/studio/Content/pdffonts/tinos_i.woff2:0
[39222912ms] [ERROR] Failed to load resource: net::ERR_NETWORK_CHANGED @ https://ops.instantprint.co.uk/studio/Content/pdffonts/tinos_bi.woff2:0
[39222981ms] [ERROR] Failed to load resource: net::ERR_NETWORK_CHANGED @ https://ops.instantprint.co.uk/studio/Content/pdffonts/tinos_i.woff:0
[48157893ms] [ERROR] Failed to load resource: net::ERR_NETWORK_CHANGED @ https://ops.instantprint.co.uk/images/pdffonts/winterminie.otf:0
[49222796ms] [ERROR] Failed to load resource: net::ERR_NETWORK_CHANGED @ https://ops.instantprint.co.uk/images/pdffonts/xtremechrome.ttf:0
[50283926ms] [ERROR] Failed to load resource: net::ERR_NETWORK_CHANGED @ https://ops.instantprint.co.uk/images/pdffonts/yellowtailregular.woff:0
[50283967ms] [ERROR] Failed to load resource: net::ERR_NETWORK_CHANGED @ https://ops.instantprint.co.uk/images/pdffonts/yellowtailregular.woff2:0
