[    2798ms] [ERROR] Failed to load resource: the server responded with a status of 500 (Internal Server Error) @ http://127.0.0.1:3000/:0
[    3475ms] [INFO] %cDownload the React DevTools for a better development experience: https://react.dev/link/react-devtools font-weight:bold @ webpack-internal:///(pages-dir-browser)/./node_modules/react-dom/cjs/react-dom-client.development.js:28004
[    3559ms] Error: Cannot find module './331.js'
Require stack:
- /Users/ben.hutchinson/code/personal/design-hutch/.next/server/webpack-runtime.js
- /Users/ben.hutchinson/code/personal/design-hutch/.next/server/app/manifest.webmanifest/route.js
- /Users/ben.hutchinson/code/personal/design-hutch/node_modules/next/dist/server/require.js
- /Users/ben.hutchinson/code/personal/design-hutch/node_modules/next/dist/server/load-components.js
- /Users/ben.hutchinson/code/personal/design-hutch/node_modules/next/dist/build/utils.js
- /Users/ben.hutchinson/code/personal/design-hutch/node_modules/next/dist/build/swc/options.js
- /Users/ben.hutchinson/code/personal/design-hutch/node_modules/next/dist/build/swc/index.js
- /Users/ben.hutchinson/code/personal/design-hutch/node_modules/next/dist/build/next-config-ts/transpile-config.js
- /Users/ben.hutchinson/code/personal/design-hutch/node_modules/next/dist/server/config.js
- /Users/ben.hutchinson/code/personal/design-hutch/node_modules/next/dist/server/next.js
- /Users/ben.hutchinson/code/personal/design-hutch/node_modules/next/dist/server/lib/start-server.js
    at Module._resolveFilename (node:internal/modules/cjs/loader:1453:15)
    at <unknown> (file:///Users/ben.hutchinson/code/personal/design-hutch/node_modules/next/dist/server/require-hook.js:57:36)
    at defaultResolveImpl (node:internal/modules/cjs/loader:1064:19)
    at resolveForCJSWithHooks (node:internal/modules/cjs/loader:1069:22)
    at Module._load (node:internal/modules/cjs/loader:1239:25)
    at wrapModuleLoad (node:internal/modules/cjs/loader:255:19)
    at Module.require (node:internal/modules/cjs/loader:1553:12)
    at mod.require (file:///Users/ben.hutchinson/code/personal/design-hutch/node_modules/next/dist/server/require-hook.js:68:28)
    at require (node:internal/modules/helpers:152:16)
    at __webpack_require__.f.require (file:///Users/ben.hutchinson/code/personal/design-hutch/.next/server/webpack-runtime.js:195:28)
    at <unknown> (file:///Users/ben.hutchinson/code/personal/design-hutch/.next/server/webpack-runtime.js:108:40)
    at Array.reduce (<anonymous>)
    at __webpack_require__.e (file:///Users/ben.hutchinson/code/personal/design-hutch/.next/server/webpack-runtime.js:107:67)
    at Array.map (<anonymous>)
    at __webpack_require__.X (file:///Users/ben.hutchinson/code/personal/design-hutch/.next/server/webpack-runtime.js:159:22)
    at <unknown> (file:///Users/ben.hutchinson/code/personal/design-hutch/.next/server/app/(marketing)/page.js:52:125264)
    at Object.<anonymous> (file:///Users/ben.hutchinson/code/personal/design-hutch/.next/server/app/(marketing)/page.js:52:125313)
    at Module._compile (node:internal/modules/cjs/loader:1809:14)
    at Module._extensions..js (node:internal/modules/cjs/loader:1940:10)
    at Module.load (node:internal/modules/cjs/loader:1530:32)
    at Module._load (node:internal/modules/cjs/loader:1332:12)
    at wrapModuleLoad (node:internal/modules/cjs/loader:255:19)
    at Module.require (node:internal/modules/cjs/loader:1553:12)
    at mod.require (file:///Users/ben.hutchinson/code/personal/design-hutch/node_modules/next/dist/server/require-hook.js:68:28)
    at require (node:internal/modules/helpers:152:16)
    at requirePage (file:///Users/ben.hutchinson/code/personal/design-hutch/node_modules/next/dist/server/require.js:99:80)
    at loadComponentsImpl (file:///Users/ben.hutchinson/code/personal/design-hutch/node_modules/next/dist/server/load-components.js:132:57)
    at async DevServer.findPageComponentsImpl (file:///Users/ben.hutchinson/code/personal/design-hutch/node_modules/next/dist/server/next-server.js:899:36)
    at async DevServer.findPageComponents (file:///Users/ben.hutchinson/code/personal/design-hutch/node_modules/next/dist/server/dev/next-dev-server.js:706:16)
    at async DevServer.renderPageComponent (file:///Users/ben.hutchinson/code/personal/design-hutch/node_modules/next/dist/server/base-server.js:1460:24)
    at async DevServer.renderToResponseImpl (file:///Users/ben.hutchinson/code/personal/design-hutch/node_modules/next/dist/server/base-server.js:1514:32)
    at async DevServer.pipeImpl (file:///Users/ben.hutchinson/code/personal/design-hutch/node_modules/next/dist/server/base-server.js:1025:25)
    at async NextNodeServer.handleCatchallRenderRequest (file:///Users/ben.hutchinson/code/personal/design-hutch/node_modules/next/dist/server/next-server.js:393:17)
    at async DevServer.handleRequestImpl (file:///Users/ben.hutchinson/code/personal/design-hutch/node_modules/next/dist/server/base-server.js:916:17)
    at async (file:///Users/ben.hutchinson/code/personal/design-hutch/node_modules/next/dist/server/dev/next-dev-server.js:400:20)
    at async Span.traceAsyncFn (file:///Users/ben.hutchinson/code/personal/design-hutch/node_modules/next/dist/trace/trace.js:157:20)
    at async DevServer.handleRequest (file:///Users/ben.hutchinson/code/personal/design-hutch/node_modules/next/dist/server/dev/next-dev-server.js:396:24)
    at async invokeRender (file:///Users/ben.hutchinson/code/personal/design-hutch/node_modules/next/dist/server/lib/router-server.js:240:21)
    at async handleRequest (file:///Users/ben.hutchinson/code/personal/design-hutch/node_modules/next/dist/server/lib/router-server.js:437:24)
    at async requestHandlerImpl (file:///Users/ben.hutchinson/code/personal/design-hutch/node_modules/next/dist/server/lib/router-server.js:485:13)
    at async Server.requestListener (file:///Users/ben.hutchinson/code/personal/design-hutch/node_modules/next/dist/server/lib/start-server.js:226:13)
[    3545ms] [LOG] [HMR] connected @ webpack-internal:///(pages-dir-browser)/./node_modules/next/dist/client/dev/hot-reloader/pages/websocket.js:45
[    3558ms] [ERROR] Failed to load resource: the server responded with a status of 404 (Not Found) @ http://127.0.0.1:3000/favicon.ico:0
